[01:18:45] [main/INFO] [FabricLoader/GameProvider]: Loading Minecraft 1.20.1 Banner 1.20.1-800 with Fabric Loader 0.16.9
[01:18:45] [main/WARN] [FabricLoader/Resolution]: Warnings were found!
 - Mod 'Alloy Forgery' (alloy_forgery) 2.1.2+1.20 recommends version 12.0.0 or later of roughlyenoughitems, which is missing!
	 - You should install version 12.0.0 or later of roughlyenoughitems for the optimal experience.
[01:18:45] [main/INFO] [FabricLoader]: Loading 247 mods:
	- alloy_forgery 2.1.2+1.20
	- almanac 1.0.2
	- amendments 1.20-1.2.14
	- architectury 9.2.14
	- artifacts 9.5.13
	   |-- cardinal-components-base 5.2.2
	   |-- cardinal-components-entity 5.2.2
	   |-- expandability 9.0.4
	   \-- step-height-entity-attribute 1.2.0
	- attributefix 21.0.4
	- banner 1.20.1-800
	   |-- banner-api 1.20.1-800
	   |-- banner-bukkit-manager 1.20.1-800
	   |-- banner-stackdeobf 1.20.1-800
	   |-- banner-transitive-access-wideners 1.20.1-800
	   |-- net_kyori_adventure-api 4.14.0
	   |-- net_kyori_adventure-key 4.14.0
	   |-- net_kyori_adventure-text-logger-slf4j 4.14.0
	   |-- net_kyori_adventure-text-minimessage 4.14.0
	   |-- net_kyori_adventure-text-serializer-ansi 4.14.0
	   |-- net_kyori_adventure-text-serializer-gson 4.14.0
	   |-- net_kyori_adventure-text-serializer-json 4.14.0
	   |-- net_kyori_adventure-text-serializer-legacy 4.14.0
	   |-- net_kyori_adventure-text-serializer-plain 4.14.0
	   |-- net_kyori_ansi 1.0.3
	   |-- net_kyori_examination-api 1.3.0
	   \-- net_kyori_examination-string 1.3.0
	- bclib 3.0.14
	   \-- wunderlib 1.1.5
	- bettercombat 1.8.6+1.20.1
	- betterend 4.0.11
	- betternether 9.0.10
	- boatbreakfix 1.0.2
	- bookshelf 20.2.13
	- cardiac 0.5.3.2
	- cardinal-components 5.2.2
	   |-- cardinal-components-block 5.2.2
	   |-- cardinal-components-chunk 5.2.2
	   |-- cardinal-components-item 5.2.2
	   |-- cardinal-components-level 5.2.2
	   |-- cardinal-components-scoreboard 5.2.2
	   \-- cardinal-components-world 5.2.2
	- carryon 2.1.2.7
	- cavedust 1.4.1
	   \-- kirin 1.15.0
	- cloth-config 11.1.136
	   \-- cloth-basic-math 0.6.1
	- clumps 12.0.0.4
	- collective 7.87
	- combatroll 1.3.3+1.20.1
	- coroutil 1.20.1-1.3.7
	- create 0.5.1-j-build.1631+mc1.20.1
	   |-- com_google_code_findbugs_jsr305 3.0.2
	   |-- flywheel 0.6.11-4
	   |-- milk 1.2.60
	   |    \-- dripstone_fluid_lib 3.0.2
	   |-- porting_lib_accessors 2.3.8+1.20.1
	   |    \-- porting_lib_core 2.3.8+1.20.1
	   |-- porting_lib_base 2.3.8+1.20.1
	   |    |-- com_electronwill_night-config_core 3.6.6
	   |    |-- com_electronwill_night-config_toml 3.6.6
	   |    |-- porting_lib_attributes 2.3.8+1.20.1
	   |    |-- porting_lib_common 2.3.8+1.20.1
	   |    |-- porting_lib_core 2.3.8+1.20.1
	   |    |-- porting_lib_fluids 2.3.8+1.20.1
	   |    |-- porting_lib_gui_utils 2.3.8+1.20.1
	   |    |-- porting_lib_mixin_extensions 2.3.8+1.20.1
	   |    |-- porting_lib_utility 2.3.8+1.20.1
	   |    \-- reach-entity-attributes 2.4.0
	   |-- porting_lib_brewing 2.3.8+1.20.1
	   |    \-- porting_lib_core 2.3.8+1.20.1
	   |-- porting_lib_client_events 2.3.8+1.20.1
	   |    \-- porting_lib_core 2.3.8+1.20.1
	   |-- porting_lib_entity 2.3.8+1.20.1
	   |    |-- porting_lib_core 2.3.8+1.20.1
	   |    \-- porting_lib_mixin_extensions 2.3.8+1.20.1
	   |-- porting_lib_extensions 2.3.8+1.20.1
	   |    |-- porting_lib_attributes 2.3.8+1.20.1
	   |    |-- porting_lib_common 2.3.8+1.20.1
	   |    |-- porting_lib_core 2.3.8+1.20.1
	   |    \-- reach-entity-attributes 2.4.0
	   |-- porting_lib_models 2.3.8+1.20.1
	   |    |-- porting_lib_core 2.3.8+1.20.1
	   |    |-- porting_lib_fluids 2.3.8+1.20.1
	   |    \-- porting_lib_model_loader 2.3.8+1.20.1
	   |-- porting_lib_networking 2.3.8+1.20.1
	   |    \-- porting_lib_core 2.3.8+1.20.1
	   |-- porting_lib_obj_loader 2.3.8+1.20.1
	   |    |-- porting_lib_core 2.3.8+1.20.1
	   |    \-- porting_lib_model_loader 2.3.8+1.20.1
	   |-- porting_lib_tags 3.0
	   |    \-- porting_lib_core 2.3.8+1.20.1
	   |-- porting_lib_tool_actions 2.3.8+1.20.1
	   |    \-- porting_lib_core 2.3.8+1.20.1
	   |-- porting_lib_transfer 2.3.8+1.20.1
	   |    |-- porting_lib_core 2.3.8+1.20.1
	   |    \-- porting_lib_fluids 2.3.8+1.20.1
	   |-- reach-entity-attributes 2.4.0
	   \-- registrate-fabric 1.3.79-MC1.20.1
	        |-- com_google_code_findbugs_jsr305 3.0.2
	        |-- porting_lib_data 2.1.1090+1.20
	        |    \-- porting_lib_gametest 2.1.1090+1.20
	        \-- porting_lib_model_generators 2.1.1090+1.20
	             |-- porting_lib_gametest 2.1.1090+1.20
	             \-- porting_lib_model_materials 2.1.1090+1.20
	- creativecore 2.12.24
	   \-- net_minecraftforge_eventbus 6.0.3
	- ctov 3.4.10
	- cupboard 1.20.1-2.7
	- durabilitytooltip 1.1.5
	- elytraslot 6.4.4+1.20.1
	   \-- mixinsquared 0.1.2-beta.6
	- enhancedvisuals 1.8.1
	- entityculling 1.7.2
	- explorerscompass 1.20.1-2.2.3-fabric
	- explorify 1.6.2
	- fabric-api 0.92.3+1.20.1
	   |-- fabric-api-base 0.4.31+1802ada577
	   |-- fabric-api-lookup-api-v1 1.6.36+1802ada577
	   |-- fabric-biome-api-v1 13.0.13+1802ada577
	   |-- fabric-block-api-v1 1.0.11+1802ada577
	   |-- fabric-block-view-api-v2 1.0.1+1802ada577
	   |-- fabric-blockrenderlayer-v1 1.1.41+1802ada577
	   |-- fabric-client-tags-api-v1 1.1.2+1802ada577
	   |-- fabric-command-api-v1 1.2.34+f71b366f77
	   |-- fabric-command-api-v2 2.2.13+1802ada577
	   |-- fabric-commands-v0 0.2.51+df3654b377
	   |-- fabric-containers-v0 0.1.65+df3654b377
	   |-- fabric-content-registries-v0 4.0.12+1802ada577
	   |-- fabric-convention-tags-v1 1.5.5+1802ada577
	   |-- fabric-crash-report-info-v1 0.2.19+1802ada577
	   |-- fabric-data-attachment-api-v1 1.0.1+de0fd6d177
	   |-- fabric-data-generation-api-v1 12.3.5+1802ada577
	   |-- fabric-dimensions-v1 2.1.54+1802ada577
	   |-- fabric-entity-events-v1 1.6.0+1c78457f77
	   |-- fabric-events-interaction-v0 0.6.3+13a40c6677
	   |-- fabric-events-lifecycle-v0 0.2.63+df3654b377
	   |-- fabric-game-rule-api-v1 1.0.40+1802ada577
	   |-- fabric-item-api-v1 2.1.28+1802ada577
	   |-- fabric-item-group-api-v1 4.0.13+1802ada577
	   |-- fabric-key-binding-api-v1 1.0.37+1802ada577
	   |-- fabric-keybindings-v0 0.2.35+df3654b377
	   |-- fabric-lifecycle-events-v1 2.2.22+1802ada577
	   |-- fabric-loot-api-v2 1.2.2+1802ada577
	   |-- fabric-loot-tables-v1 1.1.46+9e7660c677
	   |-- fabric-message-api-v1 5.1.9+1802ada577
	   |-- fabric-mining-level-api-v1 2.1.51+1802ada577
	   |-- fabric-model-loading-api-v1 1.0.3+1802ada577
	   |-- fabric-models-v0 0.4.2+9386d8a777
	   |-- fabric-networking-api-v1 1.3.12+13a40c6677
	   |-- fabric-networking-v0 0.3.52+df3654b377
	   |-- fabric-object-builder-api-v1 11.1.4+1802ada577
	   |-- fabric-particles-v1 1.1.2+1802ada577
	   |-- fabric-recipe-api-v1 1.0.22+1802ada577
	   |-- fabric-registry-sync-v0 2.3.4+1802ada577
	   |-- fabric-renderer-api-v1 3.2.1+1802ada577
	   |-- fabric-renderer-indigo 1.5.2+85287f9f77
	   |-- fabric-renderer-registries-v1 3.2.46+df3654b377
	   |-- fabric-rendering-data-attachment-v1 0.3.37+92a0d36777
	   |-- fabric-rendering-fluids-v1 3.0.28+1802ada577
	   |-- fabric-rendering-v0 1.1.49+df3654b377
	   |-- fabric-rendering-v1 3.0.8+1802ada577
	   |-- fabric-resource-conditions-api-v1 2.3.8+1802ada577
	   |-- fabric-resource-loader-v0 0.11.11+fb82e9d777
	   |-- fabric-screen-api-v1 2.0.8+1802ada577
	   |-- fabric-screen-handler-api-v1 1.3.31+1802ada577
	   |-- fabric-sound-api-v1 1.0.13+1802ada577
	   |-- fabric-transfer-api-v1 3.3.5+8dd72ea377
	   \-- fabric-transitive-access-wideners-v1 4.3.1+1802ada577
	- fabric-language-kotlin 1.13.0+kotlin.2.1.0
	   |-- org_jetbrains_kotlin_kotlin-reflect 2.1.0
	   |-- org_jetbrains_kotlin_kotlin-stdlib 2.1.0
	   |-- org_jetbrains_kotlin_kotlin-stdlib-jdk7 2.1.0
	   |-- org_jetbrains_kotlin_kotlin-stdlib-jdk8 2.1.0
	   |-- org_jetbrains_kotlinx_atomicfu-jvm 0.26.1
	   |-- org_jetbrains_kotlinx_kotlinx-coroutines-core-jvm 1.9.0
	   |-- org_jetbrains_kotlinx_kotlinx-coroutines-jdk8 1.9.0
	   |-- org_jetbrains_kotlinx_kotlinx-datetime-jvm 0.6.1
	   |-- org_jetbrains_kotlinx_kotlinx-io-bytestring-jvm 0.6.0
	   |-- org_jetbrains_kotlinx_kotlinx-io-core-jvm 0.6.0
	   |-- org_jetbrains_kotlinx_kotlinx-serialization-cbor-jvm 1.7.3
	   |-- org_jetbrains_kotlinx_kotlinx-serialization-core-jvm 1.7.3
	   \-- org_jetbrains_kotlinx_kotlinx-serialization-json-jvm 1.7.3
	- fabricloader 0.16.9
	   \-- mixinextras 0.4.1
	- fallingtree 4.3.4
	- farmersdelight 1.20.1-2.2.5+refabricated
	   |-- mm 2.3
	   |-- porting_lib_accessors 2.3.8+1.20.1
	   |    \-- porting_lib_core 2.3.8+1.20.1
	   |-- porting_lib_base 2.3.8+1.20.1
	   |    |-- com_electronwill_night-config_core 3.6.6
	   |    |-- com_electronwill_night-config_toml 3.6.6
	   |    |-- porting_lib_attributes 2.3.8+1.20.1
	   |    |-- porting_lib_common 2.3.8+1.20.1
	   |    |-- porting_lib_core 2.3.8+1.20.1
	   |    |-- porting_lib_fluids 2.3.8+1.20.1
	   |    |-- porting_lib_gui_utils 2.3.8+1.20.1
	   |    |-- porting_lib_mixin_extensions 2.3.8+1.20.1
	   |    |-- porting_lib_utility 2.3.8+1.20.1
	   |    \-- reach-entity-attributes 2.4.0
	   |-- porting_lib_config 2.3.8+1.20.1
	   |    |-- com_electronwill_night-config_core 3.6.6
	   |    |-- com_electronwill_night-config_toml 3.6.6
	   |    \-- porting_lib_core 2.3.8+1.20.1
	   |-- porting_lib_lazy_registration 2.3.8+1.20.1
	   |    \-- porting_lib_core 2.3.8+1.20.1
	   |-- porting_lib_loot 2.3.8+1.20.1
	   |    \-- porting_lib_core 2.3.8+1.20.1
	   |-- porting_lib_networking 2.3.8+1.20.1
	   |    \-- porting_lib_core 2.3.8+1.20.1
	   |-- porting_lib_recipe_book_categories 2.3.8+1.20.1
	   |    \-- porting_lib_core 2.3.8+1.20.1
	   |-- porting_lib_tags 3.0
	   |    \-- porting_lib_core 2.3.8+1.20.1
	   \-- porting_lib_tool_actions 2.3.8+1.20.1
	        \-- porting_lib_core 2.3.8+1.20.1
	- fastboot 1.2-fabric
	- ferritecore 6.0.1
	- firstperson 2.4.8
	- forgeconfigapiport 8.0.1
	- fuji 1.1.8
	   |-- adventure-platform-fabric 5.9.0
	   |    \-- net_kyori_adventure-platform-api 4.3.0
	   |-- commons-io_commons-io 2.14.0
	   |-- net_kyori_adventure-text-minimessage 4.14.0
	   |-- net_kyori_adventure-text-serializer-plain 4.14.0
	   |-- org_apache_commons_commons-compress 1.24.0
	   |-- org_javassist_javassist 3.29.2-GA
	   |-- org_quartz-scheduler_quartz 2.5.0-rc1
	   |-- org_reflections_reflections 0.10.2
	   \-- sgui 1.2.2+1.20
	- fwaystones 3.3.2+mc1.20.1
	- fzzy_config 0.6.0+1.20.1
	   |-- blue_endless_jankson 1.2.3
	   |-- fabric-permissions-api-v0 0.3.1
	   \-- net_peanuuutz_tomlkt_tomlkt-jvm 0.3.7
	- geckolib 4.7
	   \-- com_eliotlash_mclib_mclib 20
	- healingcampfire 6.1
	- iceberg 1.1.25
	- integrated_api 1.5.1+1.20.1-fabric
	- inventorysorter 1.9.0-1.20
	   \-- kyrptconfig 1.5.6-1.20
	- java 21
	- jei 15.12.2.51
	- jewelry 1.3.7+1.20.1
	   \-- com_github_zsoltmolnarrr_tinyconfig 2.3.2
	- jobsaddon 1.1.6
	- justzoom 2.0.0
	- konkrete 1.8.1
	- letmedespawn 1.4.4
	- levelz 1.4.13
	- levelz_additions 1.1.0
	- libz 1.0.3
	   |-- com_fasterxml_jackson_core_jackson-annotations 2.15.2
	   |-- com_fasterxml_jackson_core_jackson-core 2.15.2
	   \-- com_fasterxml_jackson_core_jackson-databind 2.15.2
	- lithium 0.11.2
	- lithostitched 1.3.5
	- mcwfurnitures 3.3.0
	- midnightlib 1.4.1
	- minecraft 1.20.1
	- modernfix 5.20.0+mc1.20.1
	- moonlight 1.20-2.13.46
	- mr_blossom_blade 1.2
	- naturescompass 1.20.1-2.2.3-fabric
	- necronomicon 1.6.0
	- noisium 2.3.0+mc1.20-1.20.1
	- octolib 0.4.2
	   \-- org_yaml_snakeyaml 2.2
	- owo 0.11.2+1.20
	- pickupnotifier 8.0.0
	- player-animator 1.0.2-rc1+1.20
	- puzzleslib 8.1.25
	   \-- puzzlesaccessapi 8.0.7
	- ranged_weapon_api 1.1.4+1.20.1
	- shulkerboxtooltip 4.0.4+1.20.1
	- simplyswords 1.56.0-1.20.1
	   \-- spruceui 5.0.0+1.20
	- skinlayers3d 1.7.4
	- skinrestorer 2.2.1+1.20-fabric
	   \-- org_mineskin_java-client 3.0.1-SNAPSHOT
	- skyvillages 1.0.4-1.19.2-1.20.1
	- sound_physics_remastered 1.20.1-1.4.8
	- spark 1.10.53
	- spell_power 0.12.0+1.20.1
	   \-- com_github_zsoltmolnarrr_tinyconfig 2.3.2
	- stackrefill 4.5
	- starlight 1.1.2+fabric.dbc156f
	- structure_pool_api 1.0+1.20.1
	- supermartijn642configlib 1.1.8+a
	- terralith 2.5.4
	- tiered 1.2.0
	   |-- autotag 2.0.2+1.20
	   |-- autotag-convention 2.0.2+1.20
	   |    \-- autotag 2.0.2+1.20
	   \-- reach-entity-attributes 2.4.0
	- trade_cycling 1.20.1-1.0.7
	   |-- fabric-key-binding-api-v1 1.0.36+fb8d95da82
	   \-- fabric-screen-api-v1 2.0.6+b3afc78b82
	- transmog 1.3.0+1.20
	- travelersbackpack 9.1.18
	   \-- reach-entity-attributes 2.4.0
	- trinkets 3.7.2
	- underground_villages 2.1.0
	- villagernames 8.1
	- voicechat 1.20.1-2.5.26
	   \-- fabric-key-binding-api-v1 1.0.36+fb8d95da82
	- watut 1.20.1-1.1.3
	- xaerominimap 24.7.1
	- xaeroworldmap 1.39.2
	- yigd 2.0.11
	   \-- libgui 8.1.1+1.20.1
	        |-- jankson 6.0.0+j1.2.3
	        \-- libninepatch 1.2.0
	- yungsapi 1.20-Fabric-4.0.6
[01:18:46] [main/INFO] [FabricLoader/Mixin]: SpongePowered MIXIN Subsystem Version=0.8.7 Source=file:/workspaces/pys2/servidor_minecraft/libraries/net/fabricmc/sponge-mixin/0.15.4+mixin.0.8.7/sponge-mixin-0.15.4+mixin.0.8.7.jar Service=Knot/Fabric Env=SERVER
[01:18:46] [main/INFO] [FabricLoader/Mixin]: Compatibility level set to JAVA_17
[01:18:46] [main/INFO] [BannerMC]:  _____       ___   __   _   __   _   _____   _____   
[01:18:46] [main/INFO] [BannerMC]: |  _  \     /   | |  \ | | |  \ | | | ____| |  _  \  
[01:18:46] [main/INFO] [BannerMC]: | |_| |    / /| | |   \| | |   \| | | |__   | |_| |  
[01:18:46] [main/INFO] [BannerMC]: |  _  {   / / | | | |\   | | |\   | |  __|  |  _  /  
[01:18:46] [main/INFO] [BannerMC]: | |_| |  / /  | | | | \  | | | \  | | |___  | | \ \  
[01:18:46] [main/INFO] [BannerMC]: |_____/ /_/   |_| |_|  \_| |_|  \_| |_____| |_|  \_\ 
[01:18:46] [main/INFO] [BannerMC]: Welcome to Banner 1.20.1 - 1.20.1-800, Java 65.0
[01:18:46] [main/INFO] [BannerMC]: Injecting into root logger...
[01:18:46] [main/WARN] [BannerMC]: By enabling mojang mappings, you agree to their license:
[01:18:46] [main/WARN] [BannerMC]: (c) 2020 Microsoft Corporation.These mappings are provided "as-is" and you bear the risk of using them.
[01:18:46] [main/WARN] [BannerMC]: You may copy and use the mappings for development purposes, but you may not redistribute the mappings complete and unmodified.
[01:18:46] [main/WARN] [BannerMC]: Microsoft makes no warranties, express or implied, with respect to the mappings provided here.
[01:18:46] [main/WARN] [BannerMC]: Use and modification of this document or the source code (in any form) of Minecraft: Java Edition is governed by
[01:18:46] [main/WARN] [BannerMC]: the Minecraft End User License Agreement available at https://account.mojang.com/documents/minecraft_eula.
[01:18:46] [main/INFO] [BannerMC]: Creating asynchronous mapping cache executor...
[01:18:46] [Mappings Cache Thread/INFO] [BannerMC]: Verifying cache of mojang mappings...
[01:18:46] [Mappings Cache Thread/INFO] [BannerMC]: Downloading intermediary mappings for 1.20.1...
[01:18:46] [main/WARN] [FabricLoader/Mixin]: Reference map 'coroutil.refmap.json' for coroutil_fabric.mixins.json could not be read. If this is a development environment you can ignore this message
[01:18:46] [main/WARN] [FabricLoader/Mixin]: Reference map '[common]ctov-common-refmap.json' for ctov-common.mixins.json could not be read. If this is a development environment you can ignore this message
[01:18:46] [main/WARN] [FabricLoader/Mixin]: Reference map 'durabilitytooltip.mixins.refmap.json' for durabilitytooltip.mixins.json could not be read. If this is a development environment you can ignore this message
[01:18:46] [main/INFO] [Lithium]: Loaded configuration file for Lithium: 115 options available, 1 override(s) found
[01:18:46] [main/INFO] [ModernFix]: Loaded configuration file for ModernFix 5.20.0+mc1.20.1: 63 options available, 0 override(s) found
[01:18:46] [main/INFO] [ModernFix]: Applying Nashorn fix
[01:18:46] [main/WARN] [FabricLoader/Mixin]: Reference map 'OctoLib-COMMON-common-refmap.json' for octolib.mixins.json could not be read. If this is a development environment you can ignore this message
[01:18:46] [main/WARN] [FabricLoader/Mixin]: Reference map 'simplyswords-fabric-refmap.json' for simplyswords.mixins.json could not be read. If this is a development environment you can ignore this message
[01:18:46] [main/WARN] [FabricLoader/Mixin]: Reference map 'supermartijn642configlib.mixins.refmap.json' for supermartijn642configlib.mixins.json could not be read. If this is a development environment you can ignore this message
[01:18:47] [main/WARN] [FabricLoader/Mixin]: Error loading class: net/minecraft/class_881 (java.lang.ClassNotFoundException: net/minecraft/class_881)
[01:18:47] [main/WARN] [FabricLoader/Mixin]: @Mixin target net.minecraft.class_881 was not found porting_lib_base.mixins.json:client.BoatRendererMixin from mod porting_lib_base
[01:18:47] [main/WARN] [FabricLoader/Mixin]: Error loading class: net/minecraft/class_525 (java.lang.ClassNotFoundException: net/minecraft/class_525)
[01:18:47] [main/WARN] [FabricLoader/Mixin]: @Mixin target net.minecraft.class_525 was not found porting_lib_base.mixins.json:client.CreateWorldScreenMixin from mod porting_lib_base
[01:18:47] [main/WARN] [FabricLoader/Mixin]: Error loading class: net/minecraft/class_906 (java.lang.ClassNotFoundException: net/minecraft/class_906)
[01:18:47] [main/WARN] [FabricLoader/Mixin]: @Mixin target net.minecraft.class_906 was not found porting_lib_tool_actions.mixins.json:FishingHookRendererMixin from mod porting_lib_tool_actions
[01:18:47] [main/WARN] [FabricLoader/Mixin]: Error loading class: net/minecraft/class_638$class_5271 (java.lang.ClassNotFoundException: net/minecraft/class_638$class_5271)
[01:18:47] [main/WARN] [FabricLoader/Mixin]: @Mixin target net.minecraft.class_638$class_5271 was not found dust.mixins.json:ClientWorldAccessor from mod cavedust
[01:18:47] [main/WARN] [FabricLoader/Mixin]: Error loading class: net/minecraft/class_340 (java.lang.ClassNotFoundException: net/minecraft/class_340)
[01:18:47] [main/WARN] [FabricLoader/Mixin]: @Mixin target net.minecraft.class_340 was not found dust.mixins.json:MixinDebugScreenOverlay from mod cavedust
[01:18:47] [main/WARN] [FabricLoader/Mixin]: Error loading class: com/nhoryzon/mc/farmersdelight/block/TomatoVineBlock (java.lang.ClassNotFoundException: com/nhoryzon/mc/farmersdelight/block/TomatoVineBlock)
[01:18:47] [main/WARN] [FabricLoader/Mixin]: @Mixin target com.nhoryzon.mc.farmersdelight.block.TomatoVineBlock was not found jobsaddon.mixins.json:compat.TomatoBushCropBlockMixin from mod jobsaddon
[01:18:47] [main/WARN] [Lithium]: Force-disabling mixin 'alloc.blockstate.StateMixin' as rule 'mixin.alloc.blockstate' (added by mods [ferritecore]) disables it and children
[01:18:47] [main/WARN] [FabricLoader/Mixin]: Error loading class: fr/catcore/server/translations/api/resource/language/SystemDelegatedLanguage (java.lang.ClassNotFoundException: fr/catcore/server/translations/api/resource/language/SystemDelegatedLanguage)
[01:18:48] [main/WARN] [FabricLoader/Mixin]: Error loading class: io/wispforest/accessories/impl/AccessoriesEventHandler (java.lang.ClassNotFoundException: io/wispforest/accessories/impl/AccessoriesEventHandler)
[01:18:48] [main/WARN] [FabricLoader/Mixin]: @Mixin target io.wispforest.accessories.impl.AccessoriesEventHandler was not found travelersbackpack.mixins.json:AccessoriesEventHandlerMixin from mod travelersbackpack
[01:18:48] [main/WARN] [FabricLoader/Mixin]: Error loading class: com/beansgalaxy/backpacks/compat/TrinketsRegistry$1 (java.lang.ClassNotFoundException: com/beansgalaxy/backpacks/compat/TrinketsRegistry$1)
[01:18:48] [main/WARN] [FabricLoader/Mixin]: Error loading class: io/github/apace100/apoli/power/KeepInventoryPower (java.lang.ClassNotFoundException: io/github/apace100/apoli/power/KeepInventoryPower)
[01:18:48] [main/WARN] [FabricLoader/Mixin]: Error loading class: net/minecraft/class_314 (java.lang.ClassNotFoundException: net/minecraft/class_314)
[01:18:48] [main/WARN] [FabricLoader/Mixin]: @Mixin target net.minecraft.class_314 was not found mixins.mm.json:net.minecraft.class_314 from mod mm
[01:18:48] [main/INFO] [FabricLoader/MixinExtras|Service]: Initializing MixinExtras via com.llamalad7.mixinextras.service.MixinExtrasServiceImpl(version=0.4.1).
[01:18:48] [Mappings Cache Thread/INFO] [BannerMC]: Requesting https://maven.fabricmc.net/net/fabricmc/intermediary/1.20.1/intermediary-1.20.1-v2.jar...
[01:18:49] [Mappings Cache Thread/INFO] [BannerMC]: Received 508743 bytes (496 KB) with status 200 from https://maven.fabricmc.net/net/fabricmc/intermediary/1.20.1/intermediary-1.20.1-v2.jar in 917ms
[01:18:49] [Mappings Cache Thread/INFO] [BannerMC]: Requesting https://piston-meta.mojang.com/mc/game/version_manifest_v2.json...
[01:18:49] [Mappings Cache Thread/INFO] [BannerMC]: Received 238815 bytes (233 KB) with status 200 from https://piston-meta.mojang.com/mc/game/version_manifest_v2.json in 65ms
[01:18:49] [Mappings Cache Thread/INFO] [BannerMC]: Requesting https://piston-meta.mojang.com/v1/packages/75636bf7798df2fea6a0d14ab120c84fa4671c90/1.20.1.json...
[01:18:49] [Mappings Cache Thread/INFO] [BannerMC]: Received 34974 bytes (34 KB) with status 200 from https://piston-meta.mojang.com/v1/packages/75636bf7798df2fea6a0d14ab120c84fa4671c90/1.20.1.json in 72ms
[01:18:49] [Mappings Cache Thread/INFO] [BannerMC]: Requesting https://piston-data.mojang.com/v1/objects/0b4dba049482496c507b2387a73a913230ebbd76/server.txt...
[01:18:50] [Mappings Cache Thread/INFO] [BannerMC]: Received 6154195 bytes (5 MB) with status 200 from https://piston-data.mojang.com/v1/objects/0b4dba049482496c507b2387a73a913230ebbd76/server.txt in 453ms
[01:18:50] [Mappings Cache Thread/INFO] [BannerMC]: Verified cache of mojang mappings (took 1566ms)
[01:18:50] [Mappings Cache Thread/INFO] [BannerMC]: Parsing mojang mappings...
[01:18:51] [Mappings Cache Thread/INFO] [BannerMC]: Parsed mojang mappings (took 929ms)
[01:18:51] [Mappings Cache Thread/INFO] [BannerMC]: Caching mojang mappings...
[01:18:51] [Mappings Cache Thread/INFO] [BannerMC]: Cached mojang mappings (took 459ms)
[01:18:51] [Mappings Cache Thread/INFO] [BannerMC]: Cached mappings have been built (took 5219ms)
[01:18:51] [Mappings Cache Thread/INFO] [BannerMC]:  Classes: 4945
[01:18:51] [Mappings Cache Thread/INFO] [BannerMC]:  Methods: 26367
[01:18:51] [Mappings Cache Thread/INFO] [BannerMC]:  Fields: 23166
[01:18:51] [ForkJoinPool.commonPool-worker-1/INFO] [BannerMC]: Shutting down asynchronous mapping cache executor...
[01:18:51] [ForkJoinPool.commonPool-worker-1/INFO] [BannerMC]: Loading libraries, please wait...
[01:18:52] [main/ERROR] [FabricLoader/Mixin]: Mixin apply for mod levelz failed levelz.mixins.json:entity.LivingEntityMixin from mod levelz -> net.minecraft.world.entity.LivingEntity: org.spongepowered.asm.mixin.injection.throwables.InvalidInjectionException Implicit variable modifier injection failed in net/minecraft/world/entity/LivingEntity::tryUseTotemMixin [INJECT_APPLY Applicator Phase -> levelz.mixins.json:entity.LivingEntityMixin from mod levelz -> Apply Injections ->  -> Inject -> levelz.mixins.json:entity.LivingEntityMixin from mod levelz->@ModifyVariable::tryUseTotemMixin(Lnet/minecraft/world/item/ItemStack;)Lnet/minecraft/world/item/ItemStack;]
org.spongepowered.asm.mixin.injection.throwables.InvalidInjectionException: Implicit variable modifier injection failed in net/minecraft/world/entity/LivingEntity::tryUseTotemMixin [INJECT_APPLY Applicator Phase -> levelz.mixins.json:entity.LivingEntityMixin from mod levelz -> Apply Injections ->  -> Inject -> levelz.mixins.json:entity.LivingEntityMixin from mod levelz->@ModifyVariable::tryUseTotemMixin(Lnet/minecraft/world/item/ItemStack;)Lnet/minecraft/world/item/ItemStack;]
	at org.spongepowered.asm.mixin.injection.modify.ModifyVariableInjector.inject(ModifyVariableInjector.java:237) ~[sponge-mixin-0.15.4+mixin.0.8.7.jar:0.15.4+mixin.0.8.7]
	at org.spongepowered.asm.mixin.injection.code.Injector.inject(Injector.java:284) ~[sponge-mixin-0.15.4+mixin.0.8.7.jar:0.15.4+mixin.0.8.7]
	at org.spongepowered.asm.mixin.injection.struct.InjectionInfo.inject(InjectionInfo.java:508) ~[sponge-mixin-0.15.4+mixin.0.8.7.jar:0.15.4+mixin.0.8.7]
	at org.spongepowered.asm.mixin.transformer.MixinTargetContext.applyInjections(MixinTargetContext.java:1483) ~[sponge-mixin-0.15.4+mixin.0.8.7.jar:0.15.4+mixin.0.8.7]
	at org.spongepowered.asm.mixin.transformer.MixinApplicatorStandard.applyInjections(MixinApplicatorStandard.java:752) ~[sponge-mixin-0.15.4+mixin.0.8.7.jar:0.15.4+mixin.0.8.7]
	at org.spongepowered.asm.mixin.transformer.MixinApplicatorStandard.applyMixin(MixinApplicatorStandard.java:330) ~[sponge-mixin-0.15.4+mixin.0.8.7.jar:0.15.4+mixin.0.8.7]
	at org.spongepowered.asm.mixin.transformer.MixinApplicatorStandard.apply(MixinApplicatorStandard.java:246) ~[sponge-mixin-0.15.4+mixin.0.8.7.jar:0.15.4+mixin.0.8.7]
	at org.spongepowered.asm.mixin.transformer.TargetClassContext.apply(TargetClassContext.java:437) ~[sponge-mixin-0.15.4+mixin.0.8.7.jar:0.15.4+mixin.0.8.7]
	at org.spongepowered.asm.mixin.transformer.TargetClassContext.applyMixins(TargetClassContext.java:418) ~[sponge-mixin-0.15.4+mixin.0.8.7.jar:0.15.4+mixin.0.8.7]
	at org.spongepowered.asm.mixin.transformer.MixinProcessor.applyMixins(MixinProcessor.java:363) ~[sponge-mixin-0.15.4+mixin.0.8.7.jar:0.15.4+mixin.0.8.7]
	at org.spongepowered.asm.mixin.transformer.MixinTransformer.transformClass(MixinTransformer.java:234) ~[sponge-mixin-0.15.4+mixin.0.8.7.jar:0.15.4+mixin.0.8.7]
	at org.spongepowered.asm.mixin.transformer.MixinTransformer.transformClassBytes(MixinTransformer.java:202) ~[sponge-mixin-0.15.4+mixin.0.8.7.jar:0.15.4+mixin.0.8.7]
	at net.fabricmc.loader.impl.launch.knot.KnotClassDelegate.getPostMixinClassByteArray(KnotClassDelegate.java:422) ~[fabric-loader-0.16.9.jar:?]
	at net.fabricmc.loader.impl.launch.knot.KnotClassDelegate.tryLoadClass(KnotClassDelegate.java:323) ~[fabric-loader-0.16.9.jar:?]
	at net.fabricmc.loader.impl.launch.knot.KnotClassDelegate.loadClass(KnotClassDelegate.java:218) ~[fabric-loader-0.16.9.jar:?]
	at net.fabricmc.loader.impl.launch.knot.KnotClassLoader.loadClass(KnotClassLoader.java:119) ~[fabric-loader-0.16.9.jar:?]
	at java.lang.ClassLoader.loadClass(ClassLoader.java:526) ~[?:?]
	at java.lang.ClassLoader.defineClass1(Native Method) ~[?:?]
	at java.lang.ClassLoader.defineClass(ClassLoader.java:1027) ~[?:?]
	at java.security.SecureClassLoader.defineClass(SecureClassLoader.java:150) ~[?:?]
	at net.fabricmc.loader.impl.launch.knot.KnotClassLoader.defineClassFwd(KnotClassLoader.java:160) ~[fabric-loader-0.16.9.jar:?]
	at net.fabricmc.loader.impl.launch.knot.KnotClassDelegate.tryLoadClass(KnotClassDelegate.java:355) ~[fabric-loader-0.16.9.jar:?]
	at net.fabricmc.loader.impl.launch.knot.KnotClassDelegate.loadClass(KnotClassDelegate.java:218) ~[fabric-loader-0.16.9.jar:?]
	at net.fabricmc.loader.impl.launch.knot.KnotClassLoader.loadClass(KnotClassLoader.java:119) ~[fabric-loader-0.16.9.jar:?]
	at java.lang.ClassLoader.loadClass(ClassLoader.java:526) ~[?:?]
	at net.minecraft.server.Bootstrap.bootStrap(Bootstrap.java:54) ~[server-intermediary.jar:?]
	at net.minecraft.server.Main.main(Main.java:109) ~[server-intermediary.jar:?]
	at net.fabricmc.loader.impl.game.minecraft.MinecraftGameProvider.launch(MinecraftGameProvider.java:480) ~[fabric-loader-0.16.9.jar:?]
	at net.fabricmc.loader.impl.launch.knot.Knot.launch(Knot.java:74) ~[fabric-loader-0.16.9.jar:?]
	at net.fabricmc.loader.impl.launch.knot.KnotServer.main(KnotServer.java:23) ~[fabric-loader-0.16.9.jar:?]
	at net.fabricmc.loader.impl.launch.server.FabricServerLauncher.main(FabricServerLauncher.java:69) ~[fabric-loader-0.16.9.jar:?]
	at com.mohistmc.banner.BannerMain.main(BannerMain.java:34) ~[banner-launcher-1.20.1-800.jar:1.20.1-800]
	at com.mohistmc.banner.BannerLauncher.main(BannerLauncher.java:39) ~[banner-launcher-1.20.1-800.jar:1.20.1-800]
Caused by: org.spongepowered.asm.mixin.injection.modify.InvalidImplicitDiscriminatorException: Found 2 candidate variables but exactly 1 is required.
	at org.spongepowered.asm.mixin.injection.modify.LocalVariableDiscriminator.findImplicitLocal(LocalVariableDiscriminator.java:370) ~[sponge-mixin-0.15.4+mixin.0.8.7.jar:0.15.4+mixin.0.8.7]
	at org.spongepowered.asm.mixin.injection.modify.LocalVariableDiscriminator.findLocal(LocalVariableDiscriminator.java:341) ~[sponge-mixin-0.15.4+mixin.0.8.7.jar:0.15.4+mixin.0.8.7]
	at org.spongepowered.asm.mixin.injection.modify.ModifyVariableInjector.inject(ModifyVariableInjector.java:228) ~[sponge-mixin-0.15.4+mixin.0.8.7.jar:0.15.4+mixin.0.8.7]
	... 32 more
[01:18:52] [main/ERROR] [net.minecraft.server.Main]: Failed to start the minecraft server
java.lang.RuntimeException: Mixin transformation of net.minecraft.world.entity.LivingEntity failed
	at net.fabricmc.loader.impl.launch.knot.KnotClassDelegate.getPostMixinClassByteArray(KnotClassDelegate.java:427) ~[fabric-loader-0.16.9.jar:?]
	at net.fabricmc.loader.impl.launch.knot.KnotClassDelegate.tryLoadClass(KnotClassDelegate.java:323) ~[fabric-loader-0.16.9.jar:?]
	at net.fabricmc.loader.impl.launch.knot.KnotClassDelegate.loadClass(KnotClassDelegate.java:218) ~[fabric-loader-0.16.9.jar:?]
	at net.fabricmc.loader.impl.launch.knot.KnotClassLoader.loadClass(KnotClassLoader.java:119) ~[fabric-loader-0.16.9.jar:?]
	at java.lang.ClassLoader.loadClass(ClassLoader.java:526) ~[?:?]
	at java.lang.ClassLoader.defineClass1(Native Method) ~[?:?]
	at java.lang.ClassLoader.defineClass(ClassLoader.java:1027) ~[?:?]
	at java.security.SecureClassLoader.defineClass(SecureClassLoader.java:150) ~[?:?]
	at net.fabricmc.loader.impl.launch.knot.KnotClassLoader.defineClassFwd(KnotClassLoader.java:160) ~[fabric-loader-0.16.9.jar:?]
	at net.fabricmc.loader.impl.launch.knot.KnotClassDelegate.tryLoadClass(KnotClassDelegate.java:355) ~[fabric-loader-0.16.9.jar:?]
	at net.fabricmc.loader.impl.launch.knot.KnotClassDelegate.loadClass(KnotClassDelegate.java:218) ~[fabric-loader-0.16.9.jar:?]
	at net.fabricmc.loader.impl.launch.knot.KnotClassLoader.loadClass(KnotClassLoader.java:119) ~[fabric-loader-0.16.9.jar:?]
	at java.lang.ClassLoader.loadClass(ClassLoader.java:526) ~[?:?]
	at net.minecraft.server.Bootstrap.bootStrap(Bootstrap.java:54) ~[server-intermediary.jar:?]
	at net.minecraft.server.Main.main(Main.java:109) ~[server-intermediary.jar:?]
	at net.fabricmc.loader.impl.game.minecraft.MinecraftGameProvider.launch(MinecraftGameProvider.java:480) ~[fabric-loader-0.16.9.jar:?]
	at net.fabricmc.loader.impl.launch.knot.Knot.launch(Knot.java:74) ~[fabric-loader-0.16.9.jar:?]
	at net.fabricmc.loader.impl.launch.knot.KnotServer.main(KnotServer.java:23) ~[fabric-loader-0.16.9.jar:?]
	at net.fabricmc.loader.impl.launch.server.FabricServerLauncher.main(FabricServerLauncher.java:69) ~[fabric-loader-0.16.9.jar:?]
	at com.mohistmc.banner.BannerMain.main(BannerMain.java:34) ~[banner-launcher-1.20.1-800.jar:1.20.1-800]
	at com.mohistmc.banner.BannerLauncher.main(BannerLauncher.java:39) ~[banner-launcher-1.20.1-800.jar:1.20.1-800]
Caused by: org.spongepowered.asm.mixin.transformer.throwables.MixinTransformerError: An unexpected critical error was encountered
	at org.spongepowered.asm.mixin.transformer.MixinProcessor.applyMixins(MixinProcessor.java:392) ~[sponge-mixin-0.15.4+mixin.0.8.7.jar:0.15.4+mixin.0.8.7]
	at org.spongepowered.asm.mixin.transformer.MixinTransformer.transformClass(MixinTransformer.java:234) ~[sponge-mixin-0.15.4+mixin.0.8.7.jar:0.15.4+mixin.0.8.7]
	at org.spongepowered.asm.mixin.transformer.MixinTransformer.transformClassBytes(MixinTransformer.java:202) ~[sponge-mixin-0.15.4+mixin.0.8.7.jar:0.15.4+mixin.0.8.7]
	at net.fabricmc.loader.impl.launch.knot.KnotClassDelegate.getPostMixinClassByteArray(KnotClassDelegate.java:422) ~[fabric-loader-0.16.9.jar:?]
	... 20 more
Caused by: org.spongepowered.asm.mixin.throwables.MixinApplyError: Mixin [levelz.mixins.json:entity.LivingEntityMixin from mod levelz] from phase [DEFAULT] in config [levelz.mixins.json] FAILED during APPLY
	at org.spongepowered.asm.mixin.transformer.MixinProcessor.handleMixinError(MixinProcessor.java:638) ~[sponge-mixin-0.15.4+mixin.0.8.7.jar:0.15.4+mixin.0.8.7]
	at org.spongepowered.asm.mixin.transformer.MixinProcessor.handleMixinApplyError(MixinProcessor.java:589) ~[sponge-mixin-0.15.4+mixin.0.8.7.jar:0.15.4+mixin.0.8.7]
	at org.spongepowered.asm.mixin.transformer.MixinProcessor.applyMixins(MixinProcessor.java:379) ~[sponge-mixin-0.15.4+mixin.0.8.7.jar:0.15.4+mixin.0.8.7]
	at org.spongepowered.asm.mixin.transformer.MixinTransformer.transformClass(MixinTransformer.java:234) ~[sponge-mixin-0.15.4+mixin.0.8.7.jar:0.15.4+mixin.0.8.7]
	at org.spongepowered.asm.mixin.transformer.MixinTransformer.transformClassBytes(MixinTransformer.java:202) ~[sponge-mixin-0.15.4+mixin.0.8.7.jar:0.15.4+mixin.0.8.7]
	at net.fabricmc.loader.impl.launch.knot.KnotClassDelegate.getPostMixinClassByteArray(KnotClassDelegate.java:422) ~[fabric-loader-0.16.9.jar:?]
	... 20 more
Caused by: org.spongepowered.asm.mixin.injection.throwables.InvalidInjectionException: Implicit variable modifier injection failed in net/minecraft/world/entity/LivingEntity::tryUseTotemMixin [INJECT_APPLY Applicator Phase -> levelz.mixins.json:entity.LivingEntityMixin from mod levelz -> Apply Injections ->  -> Inject -> levelz.mixins.json:entity.LivingEntityMixin from mod levelz->@ModifyVariable::tryUseTotemMixin(Lnet/minecraft/world/item/ItemStack;)Lnet/minecraft/world/item/ItemStack;]
	at org.spongepowered.asm.mixin.injection.modify.ModifyVariableInjector.inject(ModifyVariableInjector.java:237) ~[sponge-mixin-0.15.4+mixin.0.8.7.jar:0.15.4+mixin.0.8.7]
	at org.spongepowered.asm.mixin.injection.code.Injector.inject(Injector.java:284) ~[sponge-mixin-0.15.4+mixin.0.8.7.jar:0.15.4+mixin.0.8.7]
	at org.spongepowered.asm.mixin.injection.struct.InjectionInfo.inject(InjectionInfo.java:508) ~[sponge-mixin-0.15.4+mixin.0.8.7.jar:0.15.4+mixin.0.8.7]
	at org.spongepowered.asm.mixin.transformer.MixinTargetContext.applyInjections(MixinTargetContext.java:1483) ~[sponge-mixin-0.15.4+mixin.0.8.7.jar:0.15.4+mixin.0.8.7]
	at org.spongepowered.asm.mixin.transformer.MixinApplicatorStandard.applyInjections(MixinApplicatorStandard.java:752) ~[sponge-mixin-0.15.4+mixin.0.8.7.jar:0.15.4+mixin.0.8.7]
	at org.spongepowered.asm.mixin.transformer.MixinApplicatorStandard.applyMixin(MixinApplicatorStandard.java:330) ~[sponge-mixin-0.15.4+mixin.0.8.7.jar:0.15.4+mixin.0.8.7]
	at org.spongepowered.asm.mixin.transformer.MixinApplicatorStandard.apply(MixinApplicatorStandard.java:246) ~[sponge-mixin-0.15.4+mixin.0.8.7.jar:0.15.4+mixin.0.8.7]
	at org.spongepowered.asm.mixin.transformer.TargetClassContext.apply(TargetClassContext.java:437) ~[sponge-mixin-0.15.4+mixin.0.8.7.jar:0.15.4+mixin.0.8.7]
	at org.spongepowered.asm.mixin.transformer.TargetClassContext.applyMixins(TargetClassContext.java:418) ~[sponge-mixin-0.15.4+mixin.0.8.7.jar:0.15.4+mixin.0.8.7]
	at org.spongepowered.asm.mixin.transformer.MixinProcessor.applyMixins(MixinProcessor.java:363) ~[sponge-mixin-0.15.4+mixin.0.8.7.jar:0.15.4+mixin.0.8.7]
	at org.spongepowered.asm.mixin.transformer.MixinTransformer.transformClass(MixinTransformer.java:234) ~[sponge-mixin-0.15.4+mixin.0.8.7.jar:0.15.4+mixin.0.8.7]
	at org.spongepowered.asm.mixin.transformer.MixinTransformer.transformClassBytes(MixinTransformer.java:202) ~[sponge-mixin-0.15.4+mixin.0.8.7.jar:0.15.4+mixin.0.8.7]
	at net.fabricmc.loader.impl.launch.knot.KnotClassDelegate.getPostMixinClassByteArray(KnotClassDelegate.java:422) ~[fabric-loader-0.16.9.jar:?]
	... 20 more
Caused by: org.spongepowered.asm.mixin.injection.modify.InvalidImplicitDiscriminatorException: Found 2 candidate variables but exactly 1 is required.
	at org.spongepowered.asm.mixin.injection.modify.LocalVariableDiscriminator.findImplicitLocal(LocalVariableDiscriminator.java:370) ~[sponge-mixin-0.15.4+mixin.0.8.7.jar:0.15.4+mixin.0.8.7]
	at org.spongepowered.asm.mixin.injection.modify.LocalVariableDiscriminator.findLocal(LocalVariableDiscriminator.java:341) ~[sponge-mixin-0.15.4+mixin.0.8.7.jar:0.15.4+mixin.0.8.7]
	at org.spongepowered.asm.mixin.injection.modify.ModifyVariableInjector.inject(ModifyVariableInjector.java:228) ~[sponge-mixin-0.15.4+mixin.0.8.7.jar:0.15.4+mixin.0.8.7]
	at org.spongepowered.asm.mixin.injection.code.Injector.inject(Injector.java:284) ~[sponge-mixin-0.15.4+mixin.0.8.7.jar:0.15.4+mixin.0.8.7]
	at org.spongepowered.asm.mixin.injection.struct.InjectionInfo.inject(InjectionInfo.java:508) ~[sponge-mixin-0.15.4+mixin.0.8.7.jar:0.15.4+mixin.0.8.7]
	at org.spongepowered.asm.mixin.transformer.MixinTargetContext.applyInjections(MixinTargetContext.java:1483) ~[sponge-mixin-0.15.4+mixin.0.8.7.jar:0.15.4+mixin.0.8.7]
	at org.spongepowered.asm.mixin.transformer.MixinApplicatorStandard.applyInjections(MixinApplicatorStandard.java:752) ~[sponge-mixin-0.15.4+mixin.0.8.7.jar:0.15.4+mixin.0.8.7]
	at org.spongepowered.asm.mixin.transformer.MixinApplicatorStandard.applyMixin(MixinApplicatorStandard.java:330) ~[sponge-mixin-0.15.4+mixin.0.8.7.jar:0.15.4+mixin.0.8.7]
	at org.spongepowered.asm.mixin.transformer.MixinApplicatorStandard.apply(MixinApplicatorStandard.java:246) ~[sponge-mixin-0.15.4+mixin.0.8.7.jar:0.15.4+mixin.0.8.7]
	at org.spongepowered.asm.mixin.transformer.TargetClassContext.apply(TargetClassContext.java:437) ~[sponge-mixin-0.15.4+mixin.0.8.7.jar:0.15.4+mixin.0.8.7]
	at org.spongepowered.asm.mixin.transformer.TargetClassContext.applyMixins(TargetClassContext.java:418) ~[sponge-mixin-0.15.4+mixin.0.8.7.jar:0.15.4+mixin.0.8.7]
	at org.spongepowered.asm.mixin.transformer.MixinProcessor.applyMixins(MixinProcessor.java:363) ~[sponge-mixin-0.15.4+mixin.0.8.7.jar:0.15.4+mixin.0.8.7]
	at org.spongepowered.asm.mixin.transformer.MixinTransformer.transformClass(MixinTransformer.java:234) ~[sponge-mixin-0.15.4+mixin.0.8.7.jar:0.15.4+mixin.0.8.7]
	at org.spongepowered.asm.mixin.transformer.MixinTransformer.transformClassBytes(MixinTransformer.java:202) ~[sponge-mixin-0.15.4+mixin.0.8.7.jar:0.15.4+mixin.0.8.7]
	at net.fabricmc.loader.impl.launch.knot.KnotClassDelegate.getPostMixinClassByteArray(KnotClassDelegate.java:422) ~[fabric-loader-0.16.9.jar:?]
	... 20 more
