[00:06:45] [Worker-Main-2/WARN]: Tried to access a block entity before it was created. class_2338{x=911, y=73, z=533}
[00:06:45] [Worker-Main-2/WARN]: Tried to access a block entity before it was created. class_2338{x=911, y=73, z=533}
[00:06:47] [Server thread/WARN]: hay_t moved too quickly! 3.1928320272236306,-10.112132561290906,1.5341248996423928
[00:08:48] [Server thread/WARN]: Can't keep up! Is the server overloaded? Running 2834ms or 56 ticks behind
[00:09:05] [Server thread/WARN]: hay_t was kicked for floating too long!
[00:09:05] [Server thread/INFO]: hay_t lost connection: Flying is not enabled on this server
[00:09:05] [Server thread/INFO]: hay_t left the game
[00:09:05] [Server thread/INFO]: [voicechat] Disconnecting client hay_t
[00:09:08] [Server thread/INFO]: [Handshake] Sending channel query
[00:09:09] [Netty Epoll Server IO #4/INFO]: [Handshake] Receiving client channels
[00:09:09] [Netty Epoll Server IO #4/INFO]: [Handshake] Handshake completed successfully
[00:09:09] [Server thread/INFO]: hay_t[/127.171.144.103:49281] logged in with entity id 38373 at (706.2544029886509, 82.1294741649423, 698.325908746798)
[00:09:09] [Server thread/INFO]: Sending server config values to client
[00:09:09] [Server thread/INFO]: Loading config from file...
[00:09:09] [Server thread/INFO]: [betternether] Freeze Registry[ResourceKey[minecraft:root / worlds_together:worldgen/betterx/surface_rules] (Stable)]
[00:09:09] [Server thread/INFO]: hay_t joined the game
[00:09:09] [Server thread/INFO]: [bclib] Received Hello from Client. (server=3.0.14, client=3.0.14)
[00:09:09] [Server thread/INFO]: [bclib] Sending Hello to Client. (server=3.0.14)
[00:09:09] [Server thread/INFO]: [bclib] 	- Listing Mod bclib v3.0.14 (size: 2.2 MiB, download=true)
[00:09:09] [Server thread/INFO]: [bclib] 	- Listing Mod betternether v9.0.10 (size: 21.9 MiB, download=true)
[00:09:09] [Server thread/INFO]: [bclib] 	- Offering Config bclib.CONFIG_betternether.main
[00:09:09] [Server thread/INFO]: [bclib] 	- Offering Config bclib.CONFIG_betternether.generator
[00:09:09] [Server thread/INFO]: [bclib] 	- Offering Config bclib.CONFIG_betternether.blocks
[00:09:09] [Server thread/INFO]: [bclib] 	- Offering Config bclib.CONFIG_betternether.items
[00:09:09] [Server thread/INFO]: [bclib] 	- Offering Config bclib.CONFIG_betternether.biomes
[00:09:09] [Server thread/INFO]: [bclib] 	- Offering Config bclib.CONFIG_betternether.mobs
[00:09:09] [Server thread/INFO]: [bclib] 	- Offering Config bclib.CONFIG_bclib.generator
[00:09:09] [Server thread/INFO]: [bclib] 	- Offering Config bclib.CONFIG_bclib.main
[00:09:09] [Server thread/INFO]: [bclib] 	- Offering Config bclib.CONFIG_bclib.biomes
[00:09:09] [Server thread/INFO]: [bclib] 	- Offering Config bclib.CONFIG_betterend.entities
[00:09:09] [Server thread/INFO]: [bclib] 	- Offering Config bclib.CONFIG_betterend.blocks
[00:09:09] [Server thread/INFO]: [bclib] 	- Offering Config bclib.CONFIG_betterend.items
[00:09:09] [Server thread/INFO]: [bclib] 	- Offering Config bclib.CONFIG_betterend.enchantments
[00:09:09] [Server thread/INFO]: [bclib] 	- Offering Folder /workspaces/pys2/servidor_minecraft/bclib-sync (allowDelete=true)
[00:09:09] [Server thread/INFO]: [voicechat] Received secret request of hay_t (18)
[00:09:09] [Server thread/INFO]: [voicechat] Sent secret to hay_t
[00:09:09] [Netty Epoll Server IO #4/INFO]: Priority overwritten for player hay_t. Claiming: GRAVE / Robbing: INVENTORY
[00:09:09] [Netty Epoll Server IO #4/INFO]: Receiving client config
[00:09:09] [Netty Epoll Server IO #4/INFO]: [ShulkerBoxTooltip] hay_t: protocol version: 2.0
[00:09:12] [VoiceChatPacketProcessingThread/INFO]: [voicechat] Successfully authenticated player f4ce44c5-99e7-31c5-b682-fc9ae9577611
[00:09:13] [Server thread/WARN]: hay_t moved too quickly! 0.0,-10.55660261462009,0.0
[00:09:13] [VoiceChatPacketProcessingThread/INFO]: [voicechat] Successfully validated connection of player f4ce44c5-99e7-31c5-b682-fc9ae9577611
[00:09:13] [VoiceChatPacketProcessingThread/INFO]: [voicechat] Player hay_t (f4ce44c5-99e7-31c5-b682-fc9ae9577611) successfully connected to voice chat
